2024-02-11 15:18:29,121 INFO o.a.j.u.JMeterUtils: Setting Locale to en_US
2024-02-11 15:18:29,254 INFO o.a.j.JMeter: Loading user properties from: user.properties
2024-02-11 15:18:29,270 INFO o.a.j.JMeter: Loading system properties from: system.properties
2024-02-11 15:18:29,303 INFO o.a.j.JMeter: Copyright (c) 1998-2024 The Apache Software Foundation
2024-02-11 15:18:29,303 INFO o.a.j.JMeter: Version 5.6.3
2024-02-11 15:18:29,304 INFO o.a.j.JMeter: java.version=21.0.1
2024-02-11 15:18:29,304 INFO o.a.j.JMeter: java.vm.name=Java HotSpot(TM) 64-Bit Server VM
2024-02-11 15:18:29,304 INFO o.a.j.JMeter: os.name=Windows 10
2024-02-11 15:18:29,304 INFO o.a.j.JMeter: os.arch=amd64
2024-02-11 15:18:29,305 INFO o.a.j.JMeter: os.version=10.0
2024-02-11 15:18:29,306 INFO o.a.j.JMeter: file.encoding=UTF-8
2024-02-11 15:18:29,306 INFO o.a.j.JMeter: java.awt.headless=null
2024-02-11 15:18:29,307 INFO o.a.j.JMeter: Max memory     =2116026368
2024-02-11 15:18:29,307 INFO o.a.j.JMeter: Available Processors =8
2024-02-11 15:18:29,341 INFO o.a.j.JMeter: Default Locale=English (United States)
2024-02-11 15:18:29,341 INFO o.a.j.JMeter: JMeter  Locale=English (United States)
2024-02-11 15:18:29,341 INFO o.a.j.JMeter: JMeterHome=C:\Users\A8813\Downloads\apache-jmeter-5.6.3\apache-jmeter-5.6.3
2024-02-11 15:18:29,341 INFO o.a.j.JMeter: user.dir  =C:\Users\A8813\Downloads\apache-jmeter-5.6.3\apache-jmeter-5.6.3\bin
2024-02-11 15:18:29,342 INFO o.a.j.JMeter: PWD       =C:\Users\A8813\Downloads\apache-jmeter-5.6.3\apache-jmeter-5.6.3\bin
2024-02-11 15:18:29,345 INFO o.a.j.JMeter: IP: 192.168.1.34 Name: A8813-RENT-LAP FullName: A8813-RENT-LAP.ind.aptaracorp.com
2024-02-11 15:18:29,424 INFO o.a.j.JMeter: Loaded icon properties from org/apache/jmeter/images/icon.properties
2024-02-11 15:18:30,086 INFO o.a.j.JMeterGuiLauncher: Setting LAF to: laf:javax.swing.plaf.metal.MetalLookAndFeel
2024-02-11 15:20:15,154 INFO o.a.j.e.u.CompoundVariable: Note: Function class names must contain the string: '.functions.'
2024-02-11 15:20:15,155 INFO o.a.j.e.u.CompoundVariable: Note: Function class names must not contain the string: '.gui.'
2024-02-11 16:45:05,760 INFO o.a.j.e.KeyToolUtils: keytool found at 'keytool'
2024-02-11 16:45:05,761 INFO o.a.j.p.h.p.ProxyControl: HTTP(S) Test Script Recorder SSL Proxy will use keys that support embedded 3rd party resources in file C:\Users\A8813\Downloads\apache-jmeter-5.6.3\apache-jmeter-5.6.3\bin\proxyserver.jks
2024-02-11 16:46:04,460 INFO o.a.j.p.h.c.CacheManager: Will only cache the following methods: [GET]
2024-02-11 16:52:38,851 INFO o.a.j.g.a.t.TemplateManager: Reading templates from: C:\Users\A8813\Downloads\apache-jmeter-5.6.3\apache-jmeter-5.6.3\bin\templates\templates.xml
2024-02-11 17:06:49,841 INFO o.a.j.e.StandardJMeterEngine: Running the test!
2024-02-11 17:06:49,842 INFO o.a.j.s.SampleEvent: List of sample_variables: []
2024-02-11 17:06:49,842 INFO o.a.j.s.SampleEvent: List of sample_variables: []
2024-02-11 17:06:49,844 INFO o.a.j.g.u.JMeterMenuBar: setRunning(true, *local*)
2024-02-11 17:06:49,894 INFO o.a.j.e.StandardJMeterEngine: Starting ThreadGroup: 1 : Open Model Thread Group
2024-02-11 17:06:49,895 INFO o.a.j.e.StandardJMeterEngine: Starting 0 threads for group Open Model Thread Group.
2024-02-11 17:06:49,895 INFO o.a.j.e.StandardJMeterEngine: Thread will continue on error
2024-02-11 17:06:49,895 INFO o.a.j.t.o.OpenModelThreadGroup: Starting OpenModelThreadGroup#1 with schedule 
2024-02-11 17:06:49,905 INFO o.a.j.e.StandardJMeterEngine: All thread groups have been started
2024-02-11 17:06:49,905 INFO o.a.j.t.o.OpenModelThreadGroup: Thread starting init
2024-02-11 17:06:49,906 INFO o.a.j.t.o.OpenModelThreadGroup: Thread schedule finished 64 ms ago
2024-02-11 17:06:49,906 INFO o.a.j.t.o.OpenModelThreadGroup: There will be no more events, will shutdown the thread pool
2024-02-11 17:06:49,906 INFO o.a.j.t.o.OpenModelThreadGroup: Thread starting done
2024-02-11 17:06:49,906 INFO o.a.j.e.StandardJMeterEngine: Notifying test listeners of end of test
2024-02-11 17:06:49,909 INFO o.a.j.s.FileServer: Default base='C:\Users\A8813\Downloads\apache-jmeter-5.6.3\apache-jmeter-5.6.3\bin'
2024-02-11 17:06:49,909 INFO o.a.j.g.u.JMeterMenuBar: setRunning(false, *local*)
